<?xml version="1.0" encoding="UTF-8"?>
<testsuite name="mballenegaleanotests.AcceptanceTestSuite" time="10.736" tests="35" errors="0" skipped="17" failures="0">
  <properties>
[...]
</properties>
  <testcase name="BeforeStories" classname="java.lang.Object" time="0.098"/>
  <testcase name="[PENDING] Given I want to know the streets that are disrupted today" classname="[PENDING] Given I want to know the streets that are disrupted today" time="0">
    <skipped/>
    <system-out><![CDATA[
Running story stories/DisruptionStory.story
Using timeout for story DisruptionStory.story of 300 secs.

(stories/DisruptionStory.story)
Scenario: Getting data about disrupted streets in London today
]]></system-out>
    <system-err><![CDATA[[pool-1-thread-1] INFO net.serenitybdd.jbehave.embedders.monitors.ReportingEmbedderMonitor - 773662650story running with path stories/DisruptionStory.story
[pool-1-thread-1] INFO net.serenitybdd.core.Serenity - Test Suite Started: Disruption story
[pool-1-thread-1] INFO net.serenitybdd.core.Serenity - 
 _____ _____ ____ _____   ____ _____  _    ____ _____ _____ ____  
|_   _| ____/ ___|_   _| / ___|_   _|/ \  |  _ \_   _| ____|  _ \ 
  | | |  _| \___ \ | |   \___ \ | | / _ \ | |_) || | |  _| | | | |
  | | | |___ ___) || |    ___) || |/ ___ \|  _ < | | | |___| |_| |
  |_| |_____|____/ |_|   |____/ |_/_/   \_\_| \_\|_| |_____|____/ 
                                                                  

TEST STARTED: Getting data about disrupted streets in London today
-------------------------------------------------------------------
]]></system-err>
  </testcase>
  <testcase name="[PENDING] When I select todays date" classname="[PENDING] When I select todays date" time="0">
    <skipped/>
    <system-out><![CDATA[Given I want to know the streets that are disrupted today (PENDING)
]]></system-out>
    <system-err><![CDATA[[pool-1-thread-1] INFO net.serenitybdd.core.Serenity - TEST PENDING
]]></system-err>
  </testcase>
  <testcase name="[PENDING] Then I should get the streets that are disrupted today" classname="[PENDING] Then I should get the streets that are disrupted today" time="0">
    <skipped/>
    <system-out><![CDATA[When I select todays date (PENDING)
]]></system-out>
    <system-err><![CDATA[[pool-1-thread-1] INFO net.serenitybdd.core.Serenity - TEST PENDING
]]></system-err>
  </testcase>
  <testcase name="Scenario: Getting data about disrupted streets in London today" classname="Scenario: Getting data about disrupted streets in London today" time="0.175"/>
  <testcase name="[PENDING] Given I want to know the streets that were disrupted yesterday" classname="[PENDING] Given I want to know the streets that were disrupted yesterday" time="0">
    <skipped/>
    <system-out><![CDATA[
Scenario: Getting data about disrupted streets in London today
]]></system-out>
    <system-err><![CDATA[[pool-1-thread-1] INFO net.serenitybdd.core.Serenity - 
          __  _____ _____ ____ _____   ____  _____ _   _ ____ ___ _   _  ____ 
 _       / / |_   _| ____/ ___|_   _| |  _ \| ____| \ | |  _ \_ _| \ | |/ ___|
(_)____ / /    | | |  _| \___ \ | |   | |_) |  _| |  \| | | | | ||  \| | |  _ 
 |_____/ /     | | | |___ ___) || |   |  __/| |___| |\  | |_| | || |\  | |_| |
(_)   /_/      |_| |_____|____/ |_|   |_|   |_____|_| \_|____/___|_| \_|\____|
                                                                                

TEST PENDING: Getting data about disrupted streets in London today
---------------------------------------------------------------------------------
[pool-1-thread-1] INFO net.serenitybdd.core.Serenity - 
 _____ _____ ____ _____   ____ _____  _    ____ _____ _____ ____  
|_   _| ____/ ___|_   _| / ___|_   _|/ \  |  _ \_   _| ____|  _ \ 
  | | |  _| \___ \ | |   \___ \ | | / _ \ | |_) || | |  _| | | | |
  | | | |___ ___) || |    ___) || |/ ___ \|  _ < | | | |___| |_| |
  |_| |_____|____/ |_|   |____/ |_/_/   \_\_| \_\|_| |_____|____/ 
                                                                  

TEST STARTED: Getting data about disrupted streets in London today
-------------------------------------------------------------------
]]></system-err>
  </testcase>
  <testcase name="[PENDING] When I select yesterdays date" classname="[PENDING] When I select yesterdays date" time="0">
    <skipped/>
    <system-out><![CDATA[Given I want to know the streets that were disrupted yesterday (PENDING)
]]></system-out>
    <system-err><![CDATA[[pool-1-thread-1] INFO net.serenitybdd.core.Serenity - TEST PENDING
]]></system-err>
  </testcase>
  <testcase name="[PENDING] Then I should get the streets that were disrupted yesterday" classname="[PENDING] Then I should get the streets that were disrupted yesterday" time="0">
    <skipped/>
    <system-out><![CDATA[When I select yesterdays date (PENDING)
]]></system-out>
    <system-err><![CDATA[[pool-1-thread-1] INFO net.serenitybdd.core.Serenity - TEST PENDING
]]></system-err>
  </testcase>
  <testcase name="Scenario: Getting data about disrupted streets in London today​" classname="Scenario: Getting data about disrupted streets in London today​" time="0.019"/>
  <testcase name="[PENDING] Given I want to know the streets that are disrupted last monday" classname="[PENDING] Given I want to know the streets that are disrupted last monday" time="0">
    <skipped/>
    <system-out><![CDATA[
Scenario: Getting data about disrupted streets in London today
]]></system-out>
    <system-err><![CDATA[[pool-1-thread-1] INFO net.serenitybdd.core.Serenity - 
          __  _____ _____ ____ _____   ____  _____ _   _ ____ ___ _   _  ____ 
 _       / / |_   _| ____/ ___|_   _| |  _ \| ____| \ | |  _ \_ _| \ | |/ ___|
(_)____ / /    | | |  _| \___ \ | |   | |_) |  _| |  \| | | | | ||  \| | |  _ 
 |_____/ /     | | | |___ ___) || |   |  __/| |___| |\  | |_| | || |\  | |_| |
(_)   /_/      |_| |_____|____/ |_|   |_|   |_____|_| \_|____/___|_| \_|\____|
                                                                                

TEST PENDING: Getting data about disrupted streets in London today
---------------------------------------------------------------------------------
[pool-1-thread-1] INFO net.serenitybdd.core.Serenity - 
 _____ _____ ____ _____   ____ _____  _    ____ _____ _____ ____  
|_   _| ____/ ___|_   _| / ___|_   _|/ \  |  _ \_   _| ____|  _ \ 
  | | |  _| \___ \ | |   \___ \ | | / _ \ | |_) || | |  _| | | | |
  | | | |___ ___) || |    ___) || |/ ___ \|  _ < | | | |___| |_| |
  |_| |_____|____/ |_|   |____/ |_/_/   \_\_| \_\|_| |_____|____/ 
                                                                  

TEST STARTED: Getting data about disrupted streets in London today
-------------------------------------------------------------------
]]></system-err>
  </testcase>
  <testcase name="[PENDING] When I select last monday date" classname="[PENDING] When I select last monday date" time="0">
    <skipped/>
    <system-out><![CDATA[Given I want to know the streets that are disrupted last monday (PENDING)
]]></system-out>
    <system-err><![CDATA[[pool-1-thread-1] INFO net.serenitybdd.core.Serenity - TEST PENDING
]]></system-err>
  </testcase>
  <testcase name="[PENDING] Then I should get the streets that were disrupted last monday" classname="[PENDING] Then I should get the streets that were disrupted last monday" time="0">
    <skipped/>
    <system-out><![CDATA[When I select last monday date (PENDING)
]]></system-out>
    <system-err><![CDATA[[pool-1-thread-1] INFO net.serenitybdd.core.Serenity - TEST PENDING
]]></system-err>
  </testcase>
  <testcase name="Scenario: Getting data about disrupted streets in London today​​" classname="Scenario: Getting data about disrupted streets in London today​​" time="0.029"/>
  <testcase name="DisruptionStory.story" classname="DisruptionStory.story" time="0.036"/>
  <testcase name="Given I want to know the street of Hoxton station and nearby landmarks" classname="mballenegaleanotests.steps.LookUpAStationSteps" time="2.664"/>
  <testcase name="When I insert the station name as the query in API" classname="mballenegaleanotests.steps.LookUpAStationSteps" time="3.683"/>
  <testcase name="Then I should get Fanshaw Street inside Json object response" classname="mballenegaleanotests.steps.LookUpAStationSteps" time="0.829"/>
  <testcase name="Scenario: Looking up for the street and nearby landmarks of a given station" classname="Scenario: Looking up for the street and nearby landmarks of a given station" time="0.83"/>
  <testcase name="Given I want to know the state of BikePoints_19 and its occupancy" classname="mballenegaleanotests.steps.LookUpAStationSteps" time="1.273"/>
  <testcase name="When I request API for the state of BikePoints_19" classname="mballenegaleanotests.steps.LookUpAStationSteps" time="0.962"/>
  <testcase name="Then I should get station status and its occupancy" classname="mballenegaleanotests.steps.LookUpAStationSteps" time="0.027"/>
  <testcase name="Scenario: Looking for a station status and occupancy" classname="Scenario: Looking for a station status and occupancy" time="0.027"/>
  <testcase name="LookupAStation.story" classname="LookupAStation.story" time="0.032"/>
  <testcase name="[PENDING] Given I am in 76 Windsor Dr, Orpington BR6 6HF, UK" classname="[PENDING] Given I am in 76 Windsor Dr, Orpington BR6 6HF, UK" time="0">
    <skipped/>
    <system-out><![CDATA[
Running story stories/RouteTimes.story
Ask for a route time on bicycle
(stories/RouteTimes.story)
Using timeout for story RouteTimes.story of 300 secs.
Narrative:
In order to administrate my time
As a bicycle rider of the London city
I want to know the time I'll spent from a given address to another
Scenario: Get estimated route time
]]></system-out>
    <system-err><![CDATA[[pool-1-thread-1] INFO net.serenitybdd.jbehave.embedders.monitors.ReportingEmbedderMonitor - 773662650story running with path stories/RouteTimes.story
[pool-1-thread-1] INFO net.serenitybdd.core.Serenity - Test Suite Started: Ask for a route time on bicycle
[pool-1-thread-1] INFO net.serenitybdd.core.Serenity - 
 _____ _____ ____ _____   ____ _____  _    ____ _____ _____ ____  
|_   _| ____/ ___|_   _| / ___|_   _|/ \  |  _ \_   _| ____|  _ \ 
  | | |  _| \___ \ | |   \___ \ | | / _ \ | |_) || | |  _| | | | |
  | | | |___ ___) || |    ___) || |/ ___ \|  _ < | | | |___| |_| |
  |_| |_____|____/ |_|   |____/ |_/_/   \_\_| \_\|_| |_____|____/ 
                                                                  

TEST STARTED: Get estimated route time
-------------------------------------------------------------------
]]></system-err>
  </testcase>
  <testcase name="[PENDING] And I am going to the address 3 Woodside, Orpington BR6 6JR, UK" classname="[PENDING] And I am going to the address 3 Woodside, Orpington BR6 6JR, UK" time="0">
    <skipped/>
    <system-out><![CDATA[Given I am in 76 Windsor Dr, Orpington BR6 6HF, UK (PENDING)
]]></system-out>
    <system-err><![CDATA[[pool-1-thread-1] INFO net.serenitybdd.core.Serenity - TEST PENDING
]]></system-err>
  </testcase>
  <testcase name="[PENDING] When I ask for the route time" classname="[PENDING] When I ask for the route time" time="0">
    <skipped/>
    <system-out><![CDATA[And I am going to the address 3 Woodside, Orpington BR6 6JR, UK (PENDING)
]]></system-out>
    <system-err><![CDATA[[pool-1-thread-1] INFO net.serenitybdd.core.Serenity - TEST PENDING
]]></system-err>
  </testcase>
  <testcase name="[PENDING] Then The answer from the program should be 1 mins" classname="[PENDING] Then The answer from the program should be 1 mins" time="0">
    <skipped/>
    <system-out><![CDATA[When I ask for the route time (PENDING)
]]></system-out>
    <system-err><![CDATA[[pool-1-thread-1] INFO net.serenitybdd.core.Serenity - TEST PENDING
]]></system-err>
  </testcase>
  <testcase name="Scenario: Get estimated route time" classname="Scenario: Get estimated route time" time="0.028"/>
  <testcase name="[PENDING] Given I am in 123 fake street" classname="[PENDING] Given I am in 123 fake street" time="0">
    <skipped/>
    <system-out><![CDATA[
Scenario: Get estimated route time for a non-existing address
]]></system-out>
    <system-err><![CDATA[[pool-1-thread-1] INFO net.serenitybdd.core.Serenity - 
          __  _____ _____ ____ _____   ____  _____ _   _ ____ ___ _   _  ____ 
 _       / / |_   _| ____/ ___|_   _| |  _ \| ____| \ | |  _ \_ _| \ | |/ ___|
(_)____ / /    | | |  _| \___ \ | |   | |_) |  _| |  \| | | | | ||  \| | |  _ 
 |_____/ /     | | | |___ ___) || |   |  __/| |___| |\  | |_| | || |\  | |_| |
(_)   /_/      |_| |_____|____/ |_|   |_|   |_____|_| \_|____/___|_| \_|\____|
                                                                                

TEST PENDING: Get estimated route time
---------------------------------------------------------------------------------
[pool-1-thread-1] INFO net.serenitybdd.core.Serenity - 
 _____ _____ ____ _____   ____ _____  _    ____ _____ _____ ____  
|_   _| ____/ ___|_   _| / ___|_   _|/ \  |  _ \_   _| ____|  _ \ 
  | | |  _| \___ \ | |   \___ \ | | / _ \ | |_) || | |  _| | | | |
  | | | |___ ___) || |    ___) || |/ ___ \|  _ < | | | |___| |_| |
  |_| |_____|____/ |_|   |____/ |_/_/   \_\_| \_\|_| |_____|____/ 
                                                                  

TEST STARTED: Get estimated route time for a non-existing address
-------------------------------------------------------------------
]]></system-err>
  </testcase>
  <testcase name="[PENDING] And I am going to the address 3 Woodside, Orpington BR6 6JR, UK​" classname="[PENDING] And I am going to the address 3 Woodside, Orpington BR6 6JR, UK​" time="0">
    <skipped/>
    <system-out><![CDATA[Given I am in 123 fake street (PENDING)
]]></system-out>
    <system-err><![CDATA[[pool-1-thread-1] INFO net.serenitybdd.core.Serenity - TEST PENDING
]]></system-err>
  </testcase>
  <testcase name="[PENDING] When I ask for the route time​" classname="[PENDING] When I ask for the route time​" time="0">
    <skipped/>
    <system-out><![CDATA[And I am going to the address 3 Woodside, Orpington BR6 6JR, UK (PENDING)
]]></system-out>
    <system-err><![CDATA[[pool-1-thread-1] INFO net.serenitybdd.core.Serenity - TEST PENDING
]]></system-err>
  </testcase>
  <testcase name="[PENDING] Then The answer from the program should be Sorry, we can&apos;t find a journey matching your criteria" classname="[PENDING] Then The answer from the program should be Sorry, we can&apos;t find a journey matching your criteria" time="0">
    <skipped/>
    <system-out><![CDATA[When I ask for the route time (PENDING)
]]></system-out>
    <system-err><![CDATA[[pool-1-thread-1] INFO net.serenitybdd.core.Serenity - TEST PENDING
]]></system-err>
  </testcase>
  <testcase name="Scenario: Get estimated route time for a non-existing address" classname="Scenario: Get estimated route time for a non-existing address" time="0.001"/>
  <testcase name="RouteTimes.story" classname="RouteTimes.story" time="0.001"/>
  <testcase name="AfterStories" classname="java.lang.Object" time="0.022"/>
</testsuite>